#
# There is insufficient memory for the Java Runtime Environment to continue.
# Native memory allocation (mmap) failed to map 268435456 bytes for Failed to commit area from 0x0000000701000000 to 0x0000000711000000 of length 268435456.
# Possible reasons:
#   The system is out of physical RAM or swap space
#   The process is running with CompressedOops enabled, and the Java Heap may be blocking the growth of the native heap
# Possible solutions:
#   Reduce memory load on the system
#   Increase physical memory or swap space
#   Check if swap backing store is full
#   Decrease Java heap size (-Xmx/-Xms)
#   Decrease number of Java threads
#   Decrease Java thread stack sizes (-Xss)
#   Set larger code cache with -XX:ReservedCodeCacheSize=
# This output file may be truncated or incomplete.
#
#  Out of Memory Error (./src/hotspot/os/windows/os_windows.cpp:3303), pid=18124, tid=8116
#
# JRE version:  (11.0.9+11) (build )
# Java VM: OpenJDK 64-Bit Server VM (11.0.9+11, mixed mode, sharing, tiered, compressed oops, g1 gc, windows-amd64)
# No core dump will be written. Minidumps are not enabled by default on client versions of Windows
#

---------------  S U M M A R Y ------------

Command Line: -Xverify:none -XX:TieredStopAtLevel=1 com.daniel.vieira.apontamentojava.ApontamentoJavaApplication

Host: AMD Ryzen 5 1600 Six-Core Processor            , 12 cores, 15G,  Windows 10 , 64 bit Build 19041 (10.0.19041.546)
Time: Fri Nov  6 21:21:49 2020 Hora oficial do Brasil elapsed time: 0.009673 seconds (0d 0h 0m 0s)

---------------  T H R E A D  ---------------

Current thread (0x00000152488d7000):  JavaThread "Unknown thread" [_thread_in_vm, id=8116, stack(0x0000004db7100000,0x0000004db7200000)]

Stack: [0x0000004db7100000,0x0000004db7200000]
Native frames: (J=compiled Java code, j=interpreted, Vv=VM code, C=native code)
V  [jvm.dll+0x5f465a]
V  [jvm.dll+0x77c78e]
V  [jvm.dll+0x77de5f]
V  [jvm.dll+0x77e523]
V  [jvm.dll+0x2477c8]
V  [jvm.dll+0x5f18ba]
V  [jvm.dll+0x5e6505]
V  [jvm.dll+0x2fca8c]
V  [jvm.dll+0x2fc912]
V  [jvm.dll+0x3015c6]
V  [jvm.dll+0x345e3f]
V  [jvm.dll+0x345870]
V  [jvm.dll+0x2d9ce8]
V  [jvm.dll+0x2dae36]
V  [jvm.dll+0x758137]
V  [jvm.dll+0x7598bf]
V  [jvm.dll+0x352c39]
V  [jvm.dll+0x73b3c0]
V  [jvm.dll+0x3ba30f]
V  [jvm.dll+0x3bc7b1]
C  [jli.dll+0x520b]
C  [ucrtbase.dll+0x214c2]
C  [KERNEL32.DLL+0x17034]
C  [ntdll.dll+0x4cec1]


---------------  P R O C E S S  ---------------

Threads class SMR info:
_java_thread_list=0x000001524662ef50, length=0, elements={
}

Java Threads: ( => current thread )

Other Threads:
  0x00000152488f1800 GCTaskThread "GC Thread#0" [stack: 0x0000004db7200000,0x0000004db7300000] [id=15840]
  0x000001524894e000 ConcurrentGCThread "G1 Main Marker" [stack: 0x0000004db7300000,0x0000004db7400000] [id=16296]
  0x0000015248950000 ConcurrentGCThread "G1 Conc#0" [stack: 0x0000004db7400000,0x0000004db7500000] [id=16796]

[error occurred during error reporting (printing all threads), id 0xc0000005, EXCEPTION_ACCESS_VIOLATION (0xc0000005) at pc=0x00007ffd6ca89367]

VM state:not at safepoint (not fully initialized)

VM Mutex/Monitor currently owned by a thread:  ([mutex/lock_event])
[0x00000152488d4210] Heap_lock - owner thread: 0x00000152488d7000

Heap address: 0x0000000701000000, size: 4080 MB, Compressed Oops mode: Non-zero based: 0x0000000701000000
Narrow klass base: 0x0000000000000000, Narrow klass shift: 0

GC Heap History (0 events):
No events

Deoptimization events (0 events):
No events

Classes redefined (0 events):
No events

Internal exceptions (0 events):
No events

Events (1 events):
Event: 0.006 Loaded shared library C:\Program Files\AdoptOpenJDK\jdk-11.0.9.11-hotspot\bin\zip.dll


Dynamic libraries:
0x00007ff62ea90000 - 0x00007ff62ea9d000 	C:\Program Files\AdoptOpenJDK\jdk-11.0.9.11-hotspot\bin\java.exe
0x00007ffdd0790000 - 0x00007ffdd0986000 	C:\Windows\SYSTEM32\ntdll.dll
0x00007ffdd0090000 - 0x00007ffdd014d000 	C:\Windows\System32\KERNEL32.DLL
0x00007ffdce2c0000 - 0x00007ffdce588000 	C:\Windows\System32\KERNELBASE.dll
0x00007ffdcb850000 - 0x00007ffdcb8e0000 	C:\Windows\SYSTEM32\apphelp.dll
0x00007ffdcdfe0000 - 0x00007ffdce0e0000 	C:\Windows\System32\ucrtbase.dll
0x00007ffdb0a00000 - 0x00007ffdb0a17000 	C:\Program Files\AdoptOpenJDK\jdk-11.0.9.11-hotspot\bin\jli.dll
0x00007ffdb09e0000 - 0x00007ffdb09f5000 	C:\Program Files\AdoptOpenJDK\jdk-11.0.9.11-hotspot\bin\VCRUNTIME140.dll
0x00007ffdd0550000 - 0x00007ffdd06f0000 	C:\Windows\System32\USER32.dll
0x00007ffdce590000 - 0x00007ffdce5b2000 	C:\Windows\System32\win32u.dll
0x00007ffdb7020000 - 0x00007ffdb72bb000 	C:\Windows\WinSxS\amd64_microsoft.windows.common-controls_6595b64144ccf1df_6.0.19041.488_none_ca04af081b815d21\COMCTL32.dll
0x00007ffdd0200000 - 0x00007ffdd022a000 	C:\Windows\System32\GDI32.dll
0x00007ffdcef90000 - 0x00007ffdcf02e000 	C:\Windows\System32\msvcrt.dll
0x00007ffdce670000 - 0x00007ffdce779000 	C:\Windows\System32\gdi32full.dll
0x00007ffdcdf40000 - 0x00007ffdcdfdd000 	C:\Windows\System32\msvcp_win.dll
0x00007ffdcfd20000 - 0x00007ffdcfd50000 	C:\Windows\System32\IMM32.DLL
0x00007ffda8ce0000 - 0x00007ffda8d7b000 	C:\Program Files\AdoptOpenJDK\jdk-11.0.9.11-hotspot\bin\msvcp140.dll
0x00007ffd6c7a0000 - 0x00007ffd6d2e3000 	C:\Program Files\AdoptOpenJDK\jdk-11.0.9.11-hotspot\bin\server\jvm.dll
0x00007ffdd0150000 - 0x00007ffdd01fa000 	C:\Windows\System32\ADVAPI32.dll
0x00007ffdcece0000 - 0x00007ffdced7b000 	C:\Windows\System32\sechost.dll
0x00007ffdcfbf0000 - 0x00007ffdcfd14000 	C:\Windows\System32\RPCRT4.dll
0x00007ffdd0340000 - 0x00007ffdd0348000 	C:\Windows\System32\PSAPI.DLL
0x00007ffdc56e0000 - 0x00007ffdc5707000 	C:\Windows\SYSTEM32\WINMM.dll
0x00007ffdc54b0000 - 0x00007ffdc54ba000 	C:\Windows\SYSTEM32\VERSION.dll
0x00007ffd58ac0000 - 0x00007ffd58ac9000 	C:\Windows\SYSTEM32\WSOCK32.dll
0x00007ffdcff00000 - 0x00007ffdcff6b000 	C:\Windows\System32\WS2_32.dll
0x00007ffdcbe10000 - 0x00007ffdcbe22000 	C:\Windows\SYSTEM32\kernel.appcore.dll
0x00007ffdb05e0000 - 0x00007ffdb05f0000 	C:\Program Files\AdoptOpenJDK\jdk-11.0.9.11-hotspot\bin\verify.dll
0x00007ffdb6cf0000 - 0x00007ffdb6ed4000 	C:\Windows\SYSTEM32\DBGHELP.DLL
0x00007ffdb6720000 - 0x00007ffdb674c000 	C:\Windows\SYSTEM32\dbgcore.DLL
0x00007ffdce0e0000 - 0x00007ffdce15f000 	C:\Windows\System32\bcryptPrimitives.dll
0x00007ffdb0440000 - 0x00007ffdb0468000 	C:\Program Files\AdoptOpenJDK\jdk-11.0.9.11-hotspot\bin\java.dll
0x00007ffdb05d0000 - 0x00007ffdb05da000 	C:\Program Files\AdoptOpenJDK\jdk-11.0.9.11-hotspot\bin\jimage.dll
0x00007ffdb03e0000 - 0x00007ffdb03f7000 	C:\Program Files\AdoptOpenJDK\jdk-11.0.9.11-hotspot\bin\zip.dll

dbghelp: loaded successfully - version: 4.0.5 - missing functions: none
symbol engine: initialized successfully - sym options: 0x614 - pdb path: .;C:\Program Files\AdoptOpenJDK\jdk-11.0.9.11-hotspot\bin;C:\Windows\SYSTEM32;C:\Windows\WinSxS\amd64_microsoft.windows.common-controls_6595b64144ccf1df_6.0.19041.488_none_ca04af081b815d21;C:\Program Files\AdoptOpenJDK\jdk-11.0.9.11-hotspot\bin\server

VM Arguments:
jvm_args: -Xverify:none -XX:TieredStopAtLevel=1 
java_command: com.daniel.vieira.apontamentojava.ApontamentoJavaApplication
java_class_path (initial): C:\Users\Daniel Vieira\Documents\Projetos\Apontamento\projeto-apontamento\apontamento-java\apontamento-java\target\classes;C:\Users\Daniel Vieira\.m2\repository\org\springframework\boot\spring-boot-starter-data-jpa\2.3.5.RELEASE\spring-boot-starter-data-jpa-2.3.5.RELEASE.jar;C:\Users\Daniel Vieira\.m2\repository\org\springframework\boot\spring-boot-starter-aop\2.3.5.RELEASE\spring-boot-starter-aop-2.3.5.RELEASE.jar;C:\Users\Daniel Vieira\.m2\repository\org\springframework\spring-aop\5.2.10.RELEASE\spring-aop-5.2.10.RELEASE.jar;C:\Users\Daniel Vieira\.m2\repository\org\aspectj\aspectjweaver\1.9.6\aspectjweaver-1.9.6.jar;C:\Users\Daniel Vieira\.m2\repository\org\springframework\boot\spring-boot-starter-jdbc\2.3.5.RELEASE\spring-boot-starter-jdbc-2.3.5.RELEASE.jar;C:\Users\Daniel Vieira\.m2\repository\com\zaxxer\HikariCP\3.4.5\HikariCP-3.4.5.jar;C:\Users\Daniel Vieira\.m2\repository\org\springframework\spring-jdbc\5.2.10.RELEASE\spring-jdbc-5.2.10.RELEASE.jar;C:\Users\Daniel Vieira\.m2\repository\jakarta\transaction\jakarta.transaction-api\1.3.3\jakarta.transaction-api-1.3.3.jar;C:\Users\Daniel Vieira\.m2\repository\jakarta\persistence\jakarta.persistence-api\2.2.3\jakarta.persistence-api-2.2.3.jar;C:\Users\Daniel Vieira\.m2\repository\org\hibernate\hibernate-core\5.4.22.Final\hibernate-core-5.4.22.Final.jar;C:\Users\Daniel Vieira\.m2\repository\org\jboss\logging\jboss-logging\3.4.1.Final\jboss-logging-3.4.1.Final.jar;C:\Users\Daniel Vieira\.m2\repository\org\javassist\javassist\3.24.0-GA\javassist-3.24.0-GA.jar;C:\Users\Daniel Vieira\.m2\repository\net\bytebuddy\byte-buddy\1.10.17\byte-buddy-1.10.17.jar;C:\Users\Daniel Vieira\.m2\repository\antlr\antlr\2.7.7\antlr-2.7.7.jar;C:\Users\Daniel Vieira\.m2\repository\org\jboss\jandex\2.1.3.Final\jandex-2.1.3.Final.jar;C:\Users\Daniel Vieira\.m2\repository\com\fasterxml\classmate\1.5.1\classmate-1.5.1.jar;C:\Users\Daniel Vieira\.m2\repository\org\dom4j\dom4j\2.1.3\dom4j-2.1.3.jar;C:\Users\Daniel 
Launcher Type: SUN_STANDARD

[Global flags]
     bool BytecodeVerificationLocal                = false                                     {product} {command line}
     bool BytecodeVerificationRemote               = false                                     {product} {command line}
     intx CICompilerCount                          = 4                                         {product} {ergonomic}
     uint ConcGCThreads                            = 3                                         {product} {ergonomic}
     uint G1ConcRefinementThreads                  = 10                                        {product} {ergonomic}
   size_t G1HeapRegionSize                         = 1048576                                   {product} {ergonomic}
    uintx GCDrainStackTargetSize                   = 64                                        {product} {ergonomic}
   size_t InitialHeapSize                          = 268435456                                 {product} {ergonomic}
   size_t MarkStackSize                            = 4194304                                   {product} {ergonomic}
   size_t MaxHeapSize                              = 4278190080                                {product} {ergonomic}
   size_t MinHeapDeltaBytes                        = 1048576                                   {product} {ergonomic}
    uintx NonNMethodCodeHeapSize                   = 7549744                                {pd product} {ergonomic}
    uintx NonProfiledCodeHeapSize                  = 244108496                              {pd product} {ergonomic}
    uintx ProfiledCodeHeapSize                     = 0                                      {pd product} {ergonomic}
    uintx ReservedCodeCacheSize                    = 251658240                              {pd product} {ergonomic}
     bool SegmentedCodeCache                       = true                                      {product} {ergonomic}
     intx TieredStopAtLevel                        = 1                                         {product} {command line}
     bool UseCompressedClassPointers               = true                                 {lp64_product} {ergonomic}
     bool UseCompressedOops                        = true                                 {lp64_product} {ergonomic}
     bool UseG1GC                                  = true                                      {product} {ergonomic}
     bool UseLargePagesIndividualAllocation        = false                                  {pd product} {ergonomic}

Logging:
Log output configuration:
 #0: stdout all=warning uptime,level,tags
 #1: stderr all=off uptime,level,tags

Environment Variables:
JAVA_HOME=C:\Progra~1\Java\jdk1.8.0_XX
PATH=C:\Program Files\Common Files\Oracle\Java\javapath;C:\Program Files (x86)\Common Files\Oracle\Java\javapath;C:\Program Files\AdoptOpenJDK\jdk-11.0.9.11-hotspot\bin;C:\Windows\system32;C:\Windows;C:\Windows\System32\Wbem;C:\Windows\System32\WindowsPowerShell\v1.0\;C:\Windows\System32\OpenSSH\;C:\Program Files (x86)\NVIDIA Corporation\PhysX\Common;C:\Program Files\NVIDIA Corporation\NVIDIA NvDLISR;C:\Program Files\Microsoft Network Monitor 3\;C:\Program Files\Docker\Docker\resources\bin;C:\ProgramData\DockerDesktop\version-bin;C:\Program Files\nodejs\;C:\Users\Daniel Vieira\AppData\Local\Microsoft\WindowsApps;;C:\Users\Daniel Vieira\AppData\Local\Programs\Microsoft VS Code\bin;C:\Users\Daniel Vieira\AppData\Roaming\npm
USERNAME=Daniel Vieira
OS=Windows_NT
PROCESSOR_IDENTIFIER=AMD64 Family 23 Model 8 Stepping 2, AuthenticAMD



---------------  S Y S T E M  ---------------

OS: Windows 10 , 64 bit Build 19041 (10.0.19041.546)
OS uptime: 0 days 9:37 hours
HyperV virtualization detected

CPU:total 12 (initial active 12) (12 cores per cpu, 2 threads per core) family 23 model 8 stepping 2, cmov, cx8, fxsr, mmx, sse, sse2, sse3, ssse3, sse4.1, sse4.2, popcnt, avx, avx2, aes, clmul, mmxext, 3dnowpref, lzcnt, sse4a, ht, tsc, tscinvbit, tscinv, bmi1, bmi2, adx, sha, fma

Memory: 4k page, system-wide physical 16315M (3991M free)
TotalPageFile size 18884M (AvailPageFile size 199M)
current process WorkingSet (physical memory assigned to process): 10M, peak: 10M
current process commit charge ("private bytes"): 62M, peak: 318M

vm_info: OpenJDK 64-Bit Server VM (11.0.9+11) for windows-amd64 JRE (11.0.9+11), built on Oct 24 2020 15:15:35 by "" with MS VC++ 15.9 (VS2017)

END.
